<?xml version="1.0" encoding="UTF-8"?>
<!-- Generated by org.testng.reporters.JUnitReportReporter -->
<testsuite hostname="DESKTOP-TL8GQ8N" failures="0" tests="1" name="login_module.login_script" time="14.200" errors="0" timestamp="2024-09-09T23:07:53 IST" skipped="0">
  <testcase classname="login_module.login_script" name="loginScript" time="14.200"/>
  <system-out/>
</testsuite> <!-- login_module.login_script -->
